********************************************************************************
*                     Tuesday, January 17, 2017 4:27:08 PM                     *
********************************************************************************
CSharpCompilerWrapper.exe version: 2.0.3.30
Platform: Windows
Target assembly: Assembly-CSharp.dll
Project directory: C:\Users\User\Documents\Unity Projects\UnityGitProject
Target profile directory: C:\Program Files\Unity\Editor\Data\Mono\lib\mono\unity
Unity 'Data' or 'Frameworks' directory: C:/Program Files/Unity/Editor/Data
Compiler: Microsoft C# 6.0

- Compilation -----------------------------------------------

Process: C:\Users\User\Documents\Unity Projects\UnityGitProject\CSharp60Support\Roslyn\csc.exe
Arguments: -nostdlib+ -noconfig -nologo -r:"C:\Program Files\Unity\Editor\Data\Mono\lib\mono\unity\mscorlib.dll" -r:"C:\Program Files\Unity\Editor\Data\Mono\lib\mono\unity\System.dll" -r:"C:\Program Files\Unity\Editor\Data\Mono\lib\mono\unity\System.Core.dll" -r:"C:\Program Files\Unity\Editor\Data\Mono\lib\mono\unity\System.Xml.dll" @Temp/UnityTempFile-527804ecac7b7624487a6da641502f75 
Exit code: 0
Elapsed time: 2.71 sec

- Compiler output (0 lines):

- Compiler errors (1 line):
0: Assets\Scripts\Control.cs(10,25): warning CS0649: Field 'Control.rb' is never assigned to, and will always have its default value null

- PDB to MDB conversion --------------------------------------

Process: C:\Users\User\Documents\Unity Projects\UnityGitProject\CSharp60Support\Roslyn\pdb2mdb.exe
Arguments: Temp\Assembly-CSharp.dll
Exit code: 0
Elapsed time: 0.14 sec

- pdb2mdb.exe output (0 lines):
********************************************************************************
*                     Tuesday, January 17, 2017 4:27:12 PM                     *
********************************************************************************
CSharpCompilerWrapper.exe version: 2.0.3.30
Platform: Windows
Target assembly: Assembly-CSharp-Editor.dll
Project directory: C:\Users\User\Documents\Unity Projects\UnityGitProject
Target profile directory: C:\Program Files\Unity\Editor\Data\Mono\lib\mono\2.0
Unity 'Data' or 'Frameworks' directory: C:/Program Files/Unity/Editor/Data
Compiler: Microsoft C# 6.0

- Compilation -----------------------------------------------

Process: C:\Users\User\Documents\Unity Projects\UnityGitProject\CSharp60Support\Roslyn\csc.exe
Arguments: -nostdlib+ -noconfig -nologo -r:"C:\Program Files\Unity\Editor\Data\Mono\lib\mono\2.0\mscorlib.dll" -r:"C:\Program Files\Unity\Editor\Data\Mono\lib\mono\2.0\System.dll" -r:"C:\Program Files\Unity\Editor\Data\Mono\lib\mono\2.0\System.Core.dll" -r:"C:\Program Files\Unity\Editor\Data\Mono\lib\mono\2.0\System.Xml.dll" @Temp/UnityTempFile-7f65b59b9a7cbf142bf9f21a8252a905 
Exit code: 0
Elapsed time: 2.29 sec

- Compiler output (0 lines):

- Compiler errors (0 lines):

- PDB to MDB conversion --------------------------------------

Process: C:\Users\User\Documents\Unity Projects\UnityGitProject\CSharp60Support\Roslyn\pdb2mdb.exe
Arguments: Temp\Assembly-CSharp-Editor.dll
Exit code: 0
Elapsed time: 0.10 sec

- pdb2mdb.exe output (0 lines):
********************************************************************************
*                     Tuesday, January 17, 2017 4:31:34 PM                     *
********************************************************************************
CSharpCompilerWrapper.exe version: 2.0.3.30
Platform: Windows
Target assembly: Assembly-CSharp.dll
Project directory: C:\Users\User\Documents\Unity Projects\UnityGitProject
Target profile directory: C:\Program Files\Unity\Editor\Data\Mono\lib\mono\unity
Unity 'Data' or 'Frameworks' directory: C:/Program Files/Unity/Editor/Data
Compiler: Microsoft C# 6.0

- Compilation -----------------------------------------------

Process: C:\Users\User\Documents\Unity Projects\UnityGitProject\CSharp60Support\Roslyn\csc.exe
Arguments: -nostdlib+ -noconfig -nologo -r:"C:\Program Files\Unity\Editor\Data\Mono\lib\mono\unity\mscorlib.dll" -r:"C:\Program Files\Unity\Editor\Data\Mono\lib\mono\unity\System.dll" -r:"C:\Program Files\Unity\Editor\Data\Mono\lib\mono\unity\System.Core.dll" -r:"C:\Program Files\Unity\Editor\Data\Mono\lib\mono\unity\System.Xml.dll" @Temp/UnityTempFile-20fba8f4354466044a04a5d4e6ec1024 
Exit code: 0
Elapsed time: 2.63 sec

- Compiler output (0 lines):

- Compiler errors (0 lines):

- PDB to MDB conversion --------------------------------------

Process: C:\Users\User\Documents\Unity Projects\UnityGitProject\CSharp60Support\Roslyn\pdb2mdb.exe
Arguments: Temp\Assembly-CSharp.dll
Exit code: 0
Elapsed time: 0.12 sec

- pdb2mdb.exe output (0 lines):
********************************************************************************
*                     Tuesday, January 17, 2017 4:31:37 PM                     *
********************************************************************************
CSharpCompilerWrapper.exe version: 2.0.3.30
Platform: Windows
Target assembly: Assembly-CSharp-Editor.dll
Project directory: C:\Users\User\Documents\Unity Projects\UnityGitProject
Target profile directory: C:\Program Files\Unity\Editor\Data\Mono\lib\mono\2.0
Unity 'Data' or 'Frameworks' directory: C:/Program Files/Unity/Editor/Data
Compiler: Microsoft C# 6.0

- Compilation -----------------------------------------------

Process: C:\Users\User\Documents\Unity Projects\UnityGitProject\CSharp60Support\Roslyn\csc.exe
Arguments: -nostdlib+ -noconfig -nologo -r:"C:\Program Files\Unity\Editor\Data\Mono\lib\mono\2.0\mscorlib.dll" -r:"C:\Program Files\Unity\Editor\Data\Mono\lib\mono\2.0\System.dll" -r:"C:\Program Files\Unity\Editor\Data\Mono\lib\mono\2.0\System.Core.dll" -r:"C:\Program Files\Unity\Editor\Data\Mono\lib\mono\2.0\System.Xml.dll" @Temp/UnityTempFile-150363e56d0e1984381102d33d09ccd0 
Exit code: 0
Elapsed time: 2.30 sec

- Compiler output (0 lines):

- Compiler errors (0 lines):

- PDB to MDB conversion --------------------------------------

Process: C:\Users\User\Documents\Unity Projects\UnityGitProject\CSharp60Support\Roslyn\pdb2mdb.exe
Arguments: Temp\Assembly-CSharp-Editor.dll
Exit code: 0
Elapsed time: 0.11 sec

- pdb2mdb.exe output (0 lines):
********************************************************************************
*                     Tuesday, January 17, 2017 4:34:02 PM                     *
********************************************************************************
CSharpCompilerWrapper.exe version: 2.0.3.30
Platform: Windows
Target assembly: Assembly-CSharp.dll
Project directory: C:\Users\User\Documents\Unity Projects\UnityGitProject
Target profile directory: C:\Program Files\Unity\Editor\Data\Mono\lib\mono\unity
Unity 'Data' or 'Frameworks' directory: C:/Program Files/Unity/Editor/Data
Compiler: Microsoft C# 6.0

- Compilation -----------------------------------------------

Process: C:\Users\User\Documents\Unity Projects\UnityGitProject\CSharp60Support\Roslyn\csc.exe
Arguments: -nostdlib+ -noconfig -nologo -r:"C:\Program Files\Unity\Editor\Data\Mono\lib\mono\unity\mscorlib.dll" -r:"C:\Program Files\Unity\Editor\Data\Mono\lib\mono\unity\System.dll" -r:"C:\Program Files\Unity\Editor\Data\Mono\lib\mono\unity\System.Core.dll" -r:"C:\Program Files\Unity\Editor\Data\Mono\lib\mono\unity\System.Xml.dll" @Temp/UnityTempFile-4c0a4c5f4a10467439bfa03b47895a4f 
Exit code: 0
Elapsed time: 2.65 sec

- Compiler output (0 lines):

- Compiler errors (1 line):
0: Assets\Scripts\Control.cs(11,25): warning CS0649: Field 'Control.rb' is never assigned to, and will always have its default value null

- PDB to MDB conversion --------------------------------------

Process: C:\Users\User\Documents\Unity Projects\UnityGitProject\CSharp60Support\Roslyn\pdb2mdb.exe
Arguments: Temp\Assembly-CSharp.dll
Exit code: 0
Elapsed time: 0.12 sec

- pdb2mdb.exe output (0 lines):
********************************************************************************
*                     Tuesday, January 17, 2017 4:34:05 PM                     *
********************************************************************************
CSharpCompilerWrapper.exe version: 2.0.3.30
Platform: Windows
Target assembly: Assembly-CSharp-Editor.dll
Project directory: C:\Users\User\Documents\Unity Projects\UnityGitProject
Target profile directory: C:\Program Files\Unity\Editor\Data\Mono\lib\mono\2.0
Unity 'Data' or 'Frameworks' directory: C:/Program Files/Unity/Editor/Data
Compiler: Microsoft C# 6.0

- Compilation -----------------------------------------------

Process: C:\Users\User\Documents\Unity Projects\UnityGitProject\CSharp60Support\Roslyn\csc.exe
Arguments: -nostdlib+ -noconfig -nologo -r:"C:\Program Files\Unity\Editor\Data\Mono\lib\mono\2.0\mscorlib.dll" -r:"C:\Program Files\Unity\Editor\Data\Mono\lib\mono\2.0\System.dll" -r:"C:\Program Files\Unity\Editor\Data\Mono\lib\mono\2.0\System.Core.dll" -r:"C:\Program Files\Unity\Editor\Data\Mono\lib\mono\2.0\System.Xml.dll" @Temp/UnityTempFile-70b544015eb54f540a64de84d3349662 
Exit code: 0
Elapsed time: 2.36 sec

- Compiler output (0 lines):

- Compiler errors (0 lines):

- PDB to MDB conversion --------------------------------------

Process: C:\Users\User\Documents\Unity Projects\UnityGitProject\CSharp60Support\Roslyn\pdb2mdb.exe
Arguments: Temp\Assembly-CSharp-Editor.dll
Exit code: 0
Elapsed time: 0.11 sec

- pdb2mdb.exe output (0 lines):
********************************************************************************
*                     Tuesday, January 17, 2017 4:36:47 PM                     *
********************************************************************************
CSharpCompilerWrapper.exe version: 2.0.3.30
Platform: Windows
Target assembly: Assembly-CSharp.dll
Project directory: C:\Users\User\Documents\Unity Projects\UnityGitProject
Target profile directory: C:\Program Files\Unity\Editor\Data\Mono\lib\mono\unity
Unity 'Data' or 'Frameworks' directory: C:/Program Files/Unity/Editor/Data
Compiler: Microsoft C# 6.0

- Compilation -----------------------------------------------

Process: C:\Users\User\Documents\Unity Projects\UnityGitProject\CSharp60Support\Roslyn\csc.exe
Arguments: -nostdlib+ -noconfig -nologo -r:"C:\Program Files\Unity\Editor\Data\Mono\lib\mono\unity\mscorlib.dll" -r:"C:\Program Files\Unity\Editor\Data\Mono\lib\mono\unity\System.dll" -r:"C:\Program Files\Unity\Editor\Data\Mono\lib\mono\unity\System.Core.dll" -r:"C:\Program Files\Unity\Editor\Data\Mono\lib\mono\unity\System.Xml.dll" @Temp/UnityTempFile-565aec2619e1b1644af0f9d92ce58843 
Exit code: 0
Elapsed time: 2.56 sec

- Compiler output (0 lines):

- Compiler errors (0 lines):

- PDB to MDB conversion --------------------------------------

Process: C:\Users\User\Documents\Unity Projects\UnityGitProject\CSharp60Support\Roslyn\pdb2mdb.exe
Arguments: Temp\Assembly-CSharp.dll
Exit code: 0
Elapsed time: 0.13 sec

- pdb2mdb.exe output (0 lines):
********************************************************************************
*                     Tuesday, January 17, 2017 4:36:51 PM                     *
********************************************************************************
CSharpCompilerWrapper.exe version: 2.0.3.30
Platform: Windows
Target assembly: Assembly-CSharp-Editor.dll
Project directory: C:\Users\User\Documents\Unity Projects\UnityGitProject
Target profile directory: C:\Program Files\Unity\Editor\Data\Mono\lib\mono\2.0
Unity 'Data' or 'Frameworks' directory: C:/Program Files/Unity/Editor/Data
Compiler: Microsoft C# 6.0

- Compilation -----------------------------------------------

Process: C:\Users\User\Documents\Unity Projects\UnityGitProject\CSharp60Support\Roslyn\csc.exe
Arguments: -nostdlib+ -noconfig -nologo -r:"C:\Program Files\Unity\Editor\Data\Mono\lib\mono\2.0\mscorlib.dll" -r:"C:\Program Files\Unity\Editor\Data\Mono\lib\mono\2.0\System.dll" -r:"C:\Program Files\Unity\Editor\Data\Mono\lib\mono\2.0\System.Core.dll" -r:"C:\Program Files\Unity\Editor\Data\Mono\lib\mono\2.0\System.Xml.dll" @Temp/UnityTempFile-988a396ac9639c243829d16c6015c275 
Exit code: 0
Elapsed time: 2.40 sec

- Compiler output (0 lines):

- Compiler errors (0 lines):

- PDB to MDB conversion --------------------------------------

Process: C:\Users\User\Documents\Unity Projects\UnityGitProject\CSharp60Support\Roslyn\pdb2mdb.exe
Arguments: Temp\Assembly-CSharp-Editor.dll
Exit code: 0
Elapsed time: 0.11 sec

- pdb2mdb.exe output (0 lines):
*                     Tuesday, January 17, 2017 4:38:48 PM                     *
********************************************************************************
CSharpCompilerWrapper.exe version: 2.0.3.30
Platform: Windows
Target assembly: Assembly-CSharp.dll
Project directory: C:\Users\User\Documents\Unity Projects\UnityGitProject
Target profile directory: C:\Program Files\Unity\Editor\Data\Mono\lib\mono\unity
Unity 'Data' or 'Frameworks' directory: C:/Program Files/Unity/Editor/Data
Compiler: Microsoft C# 6.0

- Compilation -----------------------------------------------

Process: C:\Users\User\Documents\Unity Projects\UnityGitProject\CSharp60Support\Roslyn\csc.exe
Arguments: -nostdlib+ -noconfig -nologo -r:"C:\Program Files\Unity\Editor\Data\Mono\lib\mono\unity\mscorlib.dll" -r:"C:\Program Files\Unity\Editor\Data\Mono\lib\mono\unity\System.dll" -r:"C:\Program Files\Unity\Editor\Data\Mono\lib\mono\unity\System.Core.dll" -r:"C:\Program Files\Unity\Editor\Data\Mono\lib\mono\unity\System.Xml.dll" @Temp/UnityTempFile-4fc285ce95fa0dc42bd0b42276dbc57c 
Exit code: 0
Elapsed time: 2.67 sec

- Compiler output (0 lines):

- Compiler errors (1 line):
0: Assets\Scripts\Control.cs(11,25): warning CS0649: Field 'Control.rb' is never assigned to, and will always have its default value null

- PDB to MDB conversion --------------------------------------

Process: C:\Users\User\Documents\Unity Projects\UnityGitProject\CSharp60Support\Roslyn\pdb2mdb.exe
Arguments: Temp\Assembly-CSharp.dll
Exit code: 0
Elapsed time: 0.11 sec

- pdb2mdb.exe output (0 lines):
********************************************************************************
*                     Tuesday, January 17, 2017 4:38:51 PM                     *
********************************************************************************
CSharpCompilerWrapper.exe version: 2.0.3.30
Platform: Windows
Target assembly: Assembly-CSharp-Editor.dll
Project directory: C:\Users\User\Documents\Unity Projects\UnityGitProject
Target profile directory: C:\Program Files\Unity\Editor\Data\Mono\lib\mono\2.0
Unity 'Data' or 'Frameworks' directory: C:/Program Files/Unity/Editor/Data
Compiler: Microsoft C# 6.0

- Compilation -----------------------------------------------

Process: C:\Users\User\Documents\Unity Projects\UnityGitProject\CSharp60Support\Roslyn\csc.exe
Arguments: -nostdlib+ -noconfig -nologo -r:"C:\Program Files\Unity\Editor\Data\Mono\lib\mono\2.0\mscorlib.dll" -r:"C:\Program Files\Unity\Editor\Data\Mono\lib\mono\2.0\System.dll" -r:"C:\Program Files\Unity\Editor\Data\Mono\lib\mono\2.0\System.Core.dll" -r:"C:\Program Files\Unity\Editor\Data\Mono\lib\mono\2.0\System.Xml.dll" @Temp/UnityTempFile-91abb20fc72ea9a4bbf2cfd8b38bfbd5 
Exit code: 0
Elapsed time: 2.34 sec

- Compiler output (0 lines):

- Compiler errors (0 lines):

- PDB to MDB conversion --------------------------------------

Process: C:\Users\User\Documents\Unity Projects\UnityGitProject\CSharp60Support\Roslyn\pdb2mdb.exe
Arguments: Temp\Assembly-CSharp-Editor.dll
Exit code: 0
Elapsed time: 0.11 sec

- pdb2mdb.exe output (0 lines):
